Unity Editor version:    2020.3.17f1 (a4537701e4ab)
Branch:                  2020.3/staging
Build type:              Release
Batch mode:              YES
macOS version:           Version 11.3.1 (Build 20E241)
Darwin version:          20.4.0
Architecture:            x86_64
Running under Rosetta:   NO
Available memory:        8192 MB
Using pre-set license
Pro License: NO

COMMAND LINE ARGUMENTS:
/Applications/Unity/Hub/Editor/2020.3.17f1/Unity.app/Contents/MacOS/Unity
-adb2
-batchMode
-noUpm
-name
AssetImportWorker0
-projectPath
/Users/madismith/Desktop/gdd210/Project1GDD210
-logFile
Logs/AssetImportWorker0.log
-srvPort
51088
Successfully changed project path to: /Users/madismith/Desktop/gdd210/Project1GDD210
/Users/madismith/Desktop/gdd210/Project1GDD210
Using Asset Import Pipeline V2.
Refreshing native plugins compatible for Editor in 38.60 ms, found 2 plugins.
Preloading 0 native plugins for Editor in 0.00 ms.
Initialize engine version: 2020.3.17f1 (a4537701e4ab)
[Subsystems] Discovering subsystems at path /Applications/Unity/Hub/Editor/2020.3.17f1/Unity.app/Contents/Resources/UnitySubsystems
[Subsystems] Discovering subsystems at path /Users/madismith/Desktop/gdd210/Project1GDD210/Assets
GfxDevice: creating device client; threaded=0
2021-11-08 15:43:04.249 Unity[39493:8741551] Color LCD preferred device: Intel(R) Iris(TM) Plus Graphics 645 (low power)
2021-11-08 15:43:04.249 Unity[39493:8741551] Metal devices available: 1
2021-11-08 15:43:04.249 Unity[39493:8741551] 0: Intel(R) Iris(TM) Plus Graphics 645 (low power)
2021-11-08 15:43:04.249 Unity[39493:8741551] Using device Intel(R) Iris(TM) Plus Graphics 645 (low power)
Initializing Metal device caps: Intel(R) Iris(TM) Plus Graphics 645
Initialize mono
Mono path[0] = '/Applications/Unity/Hub/Editor/2020.3.17f1/Unity.app/Contents/Managed'
Mono path[1] = '/Applications/Unity/Hub/Editor/2020.3.17f1/Unity.app/Contents/MonoBleedingEdge/lib/mono/unityjit'
Mono config path = '/Applications/Unity/Hub/Editor/2020.3.17f1/Unity.app/Contents/MonoBleedingEdge/etc'
Using monoOptions --debugger-agent=transport=dt_socket,embedding=1,server=y,suspend=n,address=127.0.0.1:56493
Begin MonoManager ReloadAssembly
Registering precompiled unity dll's ...
Register platform support module: /Applications/Unity/Hub/Editor/2020.3.17f1/PlaybackEngines/WebGLSupport/UnityEditor.WebGL.Extensions.dll
Register platform support module: /Applications/Unity/Hub/Editor/2020.3.17f1/Unity.app/Contents/PlaybackEngines/MacStandaloneSupport/UnityEditor.OSXStandalone.Extensions.dll
Registered in 0.004750 seconds.
Native extension for OSXStandalone target not found
Native extension for WebGL target not found
Refreshing native plugins compatible for Editor in 31.00 ms, found 2 plugins.
Preloading 0 native plugins for Editor in 0.00 ms.
Mono: successfully reloaded assembly
- Completed reload, in  5.396 seconds
Domain Reload Profiling:
	ReloadAssembly (5396ms)
		BeginReloadAssembly (50ms)
			ExecutionOrderSort (0ms)
			DisableScriptedObjects (0ms)
			BackupInstance (0ms)
			ReleaseScriptingObjects (0ms)
			CreateAndSetChildDomain (1ms)
		EndReloadAssembly (562ms)
			LoadAssemblies (52ms)
			RebuildTransferFunctionScriptingTraits (0ms)
			SetupTypeCache (217ms)
			ReleaseScriptCaches (0ms)
			RebuildScriptCaches (46ms)
			SetupLoadedEditorAssemblies (235ms)
				LogAssemblyErrors (0ms)
				InitializePlatformSupportModulesInManaged (5ms)
				SetLoadedEditorAssemblies (0ms)
				RefreshPlugins (31ms)
				BeforeProcessingInitializeOnLoad (36ms)
				ProcessInitializeOnLoadAttributes (127ms)
				ProcessInitializeOnLoadMethodAttributes (35ms)
				AfterProcessingInitializeOnLoad (0ms)
				EditorAssembliesLoaded (0ms)
			ExecutionOrderSort2 (0ms)
			AwakeInstancesAfterBackupRestoration (0ms)
Platform modules already initialized, skipping
Registering precompiled user dll's ...
Registered in 0.009734 seconds.
Begin MonoManager ReloadAssembly
Native extension for OSXStandalone target not found
Native extension for WebGL target not found
Refreshing native plugins compatible for Editor in 0.37 ms, found 2 plugins.
Preloading 0 native plugins for Editor in 0.00 ms.
Mono: successfully reloaded assembly
- Completed reload, in  1.367 seconds
Domain Reload Profiling:
	ReloadAssembly (1369ms)
		BeginReloadAssembly (184ms)
			ExecutionOrderSort (0ms)
			DisableScriptedObjects (6ms)
			BackupInstance (0ms)
			ReleaseScriptingObjects (0ms)
			CreateAndSetChildDomain (38ms)
		EndReloadAssembly (1108ms)
			LoadAssemblies (100ms)
			RebuildTransferFunctionScriptingTraits (0ms)
			SetupTypeCache (372ms)
			ReleaseScriptCaches (0ms)
			RebuildScriptCaches (61ms)
			SetupLoadedEditorAssemblies (441ms)
				LogAssemblyErrors (0ms)
				InitializePlatformSupportModulesInManaged (7ms)
				SetLoadedEditorAssemblies (1ms)
				RefreshPlugins (0ms)
				BeforeProcessingInitializeOnLoad (81ms)
				ProcessInitializeOnLoadAttributes (346ms)
				ProcessInitializeOnLoadMethodAttributes (5ms)
				AfterProcessingInitializeOnLoad (2ms)
				EditorAssembliesLoaded (0ms)
			ExecutionOrderSort2 (0ms)
			AwakeInstancesAfterBackupRestoration (8ms)
Platform modules already initialized, skipping
Validating Project structure ... 0.005053 seconds.
Shader import version has changed; will reimport all shaders...
Upgrading shader files ...0.019854 seconds.
Application.AssetDatabase Initial Script Refresh Start
RefreshInfo: InitialScriptRefreshV2(NoUpdateAssetOptions) scanfilter:  ... 1 filters
RefreshProfiler: Total: 0.000ms
Application.AssetDatabase Initial Script Refresh End
Application.AssetDatabase.Refresh Start
Application.AssetDatabase.Refresh End
RefreshInfo: StopAssetImportingV2(ForceSynchronousImport) scanfilter: 
RefreshProfiler: Total: 0.000ms
Launching external process: /Applications/Unity/Hub/Editor/2020.3.17f1/Unity.app/Contents/Tools/UnityShaderCompiler
Launched and connected shader compiler UnityShaderCompiler after 0.02 seconds
Initializing Unity extensions:
========================================================================
Worker process is ready to serve import requests
Refreshing native plugins compatible for Editor in 0.29 ms, found 2 plugins.
Preloading 0 native plugins for Editor in 0.00 ms.
Unloading 1423 Unused Serialized files (Serialized files now loaded: 0)
System memory in use before: 163.8 MB.
System memory in use after: 163.0 MB.

Unloading 89 unused Assets to reduce memory usage. Loaded Objects now: 1896.
Total: 3.917608 ms (FindLiveObjects: 0.165683 ms CreateObjectMapping: 0.046963 ms MarkObjects: 3.191709 ms  DeleteObjects: 0.511969 ms)

AssetImportParameters requested are different than current active one (requested -> active):
  custom:video-decoder-ogg-theora: a1e56fd34408186e4bbccfd4996cb3dc -> 
  custom:container-muxer-webm: aa71ff27fc2769a1b78a27578f13a17b -> 
  custom:container-demuxer-webm: 4f35f7cbe854078d1ac9338744f61a02 -> 
  custom:container-demuxer-ogg: 62fdf1f143b41e24485cea50d1cbac27 -> 
  custom:video-encoder-webm-vp8: eb34c28f22e8b96e1ab97ce403110664 -> 
  custom:framework-osx-AVFoundation: e770b220cccbd017edd2c1fefb359320 -> 
  custom:video-decoder-webm-vp8: 9c59270c3fd7afecdb556c50c9e8de78 -> 
  custom:audio-decoder-ogg-vorbis: bf7c407c2cedff20999df2af8eb42d56 -> 
  custom:audio-encoder-webm-vorbis: bf7c407c2cedff20999df2af8eb42d56 -> 
========================================================================
Received Import Request.
  path: Assets/Prefabs/pfItemWorld.prefab
  artifactKey: Guid(2cb29572fb89cdc4199fe18a009645d6) Importer(815301076,1909f56bfc062723c751e8b465ee728b)
Start importing Assets/Prefabs/pfItemWorld.prefab using Guid(2cb29572fb89cdc4199fe18a009645d6) Importer(815301076,1909f56bfc062723c751e8b465ee728b)  -> (artifact id: 'c130eb860a05e099788793ba9c8b194d') in 1.481647 seconds 
  Import took 1.486777 seconds .

========================================================================
Received Import Request.
  Time since last request: 0.003392 seconds.
  path: Assets/Images/newLeftArrow.png
  artifactKey: Guid(821d8709686dcfc4da81fd730f10bb3e) Importer(815301076,1909f56bfc062723c751e8b465ee728b)
Start importing Assets/Images/newLeftArrow.png using Guid(821d8709686dcfc4da81fd730f10bb3e) Importer(815301076,1909f56bfc062723c751e8b465ee728b)  -> (artifact id: '85650cd5b93478212ca8b9f9bff3cfdd') in 0.820402 seconds 
  Import took 0.826501 seconds .

========================================================================
Received Import Request.
  Time since last request: 0.004595 seconds.
  path: Assets/Images/newRightArrow.png
  artifactKey: Guid(8ed33db162578654d86dbe93c19d9161) Importer(815301076,1909f56bfc062723c751e8b465ee728b)
Start importing Assets/Images/newRightArrow.png using Guid(8ed33db162578654d86dbe93c19d9161) Importer(815301076,1909f56bfc062723c751e8b465ee728b)  -> (artifact id: '348c6f9a419ab6bebc933c7f936a2115') in 0.019819 seconds 
  Import took 0.023443 seconds .

========================================================================
Received Import Request.
  Time since last request: 0.000320 seconds.
  path: Assets/Images/purplekeyproto.png
  artifactKey: Guid(939be3f0d4239364b95f877d0b2b8634) Importer(815301076,1909f56bfc062723c751e8b465ee728b)
Start importing Assets/Images/purplekeyproto.png using Guid(939be3f0d4239364b95f877d0b2b8634) Importer(815301076,1909f56bfc062723c751e8b465ee728b)  -> (artifact id: 'bf144360aa28fb13d7f149609e9c95f8') in 0.015953 seconds 
  Import took 0.019136 seconds .

